<?xml version="1.0" encoding="UTF-8"?>
<!-- Generated by org.testng.reporters.JUnitXMLReporter -->
<testsuite ignored="2" hostname="DESKTOP-R646QC9" failures="0" tests="4" name="Test" time="0.032" errors="0" timestamp="22 Aug 2024 04:57:41 GMT">
  <testcase classname="com.crm.comcast.contacttest.CreateContactTest" name="createContact" time="0.003"/>
  <testcase classname="com.crm.comcast.contacttest.CreateContactTest" name="createContactWithSupportDate" time="0.001"/>
  <testcase classname="com.crm.comcast.orgtest.CreateOrgTest" name="createOrgTest" time="0.001"/>
  <testcase classname="com.crm.comcast.orgtest.CreateOrgTest" name="createOrgWithIndustries" time="0.002"/>
  <testcase classname="com.crm.generic.baseutility.BaseClass" name="@AfterSuite configAS" time="0.0">
    <ignored/>
  </testcase> <!-- @AfterSuite configAS -->
  <testcase classname="com.crm.generic.baseutility.BaseClass" name="@BeforeSuite configBS" time="0.0">
    <ignored/>
  </testcase> <!-- @BeforeSuite configBS -->
</testsuite> <!-- Test -->
