<?xml version="1.0" encoding="UTF-8"?>
<!-- Generated by org.testng.reporters.JUnitXMLReporter -->
<testsuite ignored="2" hostname="DESKTOP-R646QC9" failures="0" tests="1" name="Test" time="17.145" errors="0" timestamp="2024-09-09T18:15:48 IST">
  <testcase classname="baseclassimplementation.CreateOrgTest" name="createOrganizationTest" time="9.703"/>
  <testcase classname="baseclassimplementation.CreateOrgTest" name="createorgWithPhoneNumber" time="0.0">
    <ignored/>
  </testcase> <!-- createorgWithPhoneNumber -->
  <testcase classname="baseclassimplementation.CreateOrgTest" name="createOrgWithIndustries" time="0.0">
    <ignored/>
  </testcase> <!-- createOrgWithIndustries -->
</testsuite> <!-- Test -->
