<?xml version="1.0" encoding="UTF-8"?>
<!-- Generated by org.testng.reporters.JUnitXMLReporter -->
<testsuite ignored="1" hostname="DESKTOP-R646QC9" failures="1" tests="1" name="Default test(failed)" time="10.01" errors="0" timestamp="30 Aug 2024 05:20:07 GMT">
  <testcase classname="practice.test.InvoiceTest" name="createInvoiceTest" time="0.019">
    <failure type="java.lang.AssertionError" message="expected [Login] but found [Administrator - Home - vtiger CRM 5 - Commercial Open Source CRM]">
      <![CDATA[java.lang.AssertionError: expected [Login] but found [Administrator - Home - vtiger CRM 5 - Commercial Open Source CRM]
at practice.test.InvoiceTest.createInvoiceTest(InvoiceTest.java:13)
... Removed 31 stack frames]]>
    </failure>
  </testcase> <!-- createInvoiceTest -->
  <testcase classname="practice.test.InvoiceTest" name="creatInvoicewithContactTest" time="0.0">
    <ignored/>
  </testcase> <!-- creatInvoicewithContactTest -->
</testsuite> <!-- Default test(failed) -->
