<?xml version="1.0" encoding="UTF-8"?>
<testng-results ignored="0" total="1" passed="1" failed="0" skipped="0">
  <reporter-output>
  </reporter-output>
  <suite started-at="2024-09-06T10:58:44 IST" name="Default suite" finished-at="2024-09-06T10:58:51 IST" duration-ms="7335">
    <groups>
    </groups>
    <test started-at="2024-09-06T10:58:44 IST" name="Default test" finished-at="2024-09-06T10:58:51 IST" duration-ms="7335">
      <class name="practice.testng.SampleReportTest2">
        <test-method is-config="true" signature="configBS()[pri:0, instance:practice.testng.SampleReportTest2@59474f18]" started-at="2024-09-06T10:58:43 IST" name="configBS" finished-at="2024-09-06T10:58:44 IST" duration-ms="162" status="PASS">
          <reporter-output>
          </reporter-output>
        </test-method> <!-- configBS -->
        <test-method signature="createContactTest()[pri:0, instance:practice.testng.SampleReportTest2@59474f18]" started-at="2024-09-06T10:58:44 IST" name="createContactTest" finished-at="2024-09-06T10:58:51 IST" duration-ms="7309" status="PASS">
          <reporter-output>
          </reporter-output>
        </test-method> <!-- createContactTest -->
        <test-method is-config="true" signature="configAS()[pri:0, instance:practice.testng.SampleReportTest2@59474f18]" started-at="2024-09-06T10:58:51 IST" name="configAS" finished-at="2024-09-06T10:58:51 IST" duration-ms="266" status="PASS">
          <reporter-output>
          </reporter-output>
        </test-method> <!-- configAS -->
      </class> <!-- practice.testng.SampleReportTest2 -->
    </test> <!-- Default test -->
  </suite> <!-- Default suite -->
</testng-results>
